2026-06-18 03:29:41.665: [INFO] VisibilityChanged: 0
2026-06-18 03:29:41.720: [INFO] RecordSyncInitDuration has_sync_been_enabled: 0 state: 0
2026-06-18 03:29:41.726: [INFO] RecordSyncInitDuration has_sync_been_enabled: 0 state: 0
2026-06-18 03:29:41.729: [INFO] RecordSyncInitDuration has_sync_been_enabled: 0 state: 0
2026-06-18 03:29:41.732: [INFO] RecordSyncInitDuration has_sync_been_enabled: 0 state: 0
2026-06-18 03:29:41.735: [INFO] RecordSyncInitDuration has_sync_been_enabled: 0 state: 0
2026-06-18 03:29:41.738: [INFO] RecordSyncInitDuration has_sync_been_enabled: 0 state: 0
2026-06-18 03:29:41.742: [INFO] RecordSyncInitDuration has_sync_been_enabled: 0 state: 0
2026-06-18 03:29:41.745: [INFO] RecordSyncInitDuration has_sync_been_enabled: 0 state: 0
2026-06-18 03:29:41.748: [INFO] RecordSyncInitDuration has_sync_been_enabled: 0 state: 0
2026-06-18 03:29:41.751: [INFO] RecordSyncInitDuration has_sync_been_enabled: 0 state: 0
2026-06-18 03:29:41.754: [INFO] RecordSyncInitDuration has_sync_been_enabled: 0 state: 0
2026-06-18 03:29:41.770: [INFO] BookmarkNodeAdded, ABU: 0
2026-06-18 03:29:41.771: [INFO] BookmarkNodeAdded, ABU: 0
2026-06-18 03:29:41.771: [INFO] BookmarkNodeAdded, ABU: 0
2026-06-18 03:29:41.772: [INFO] BookmarkNodeAdded, ABU: 0
2026-06-18 03:29:41.772: [INFO] BookmarkModelLoaded, ids_reassigned: 0
2026-06-18 03:29:41.772: [INFO] OnDoneLoading sync enabled: 0
2026-06-18 03:29:41.778: [INFO] RecordSyncInitDuration has_sync_been_enabled: 0 state: 0
2026-06-18 03:29:43.744: [INFO] RecordSyncInitDuration has_sync_been_enabled: 0 state: 0
2026-06-18 03:29:43.751: [INFO] RecordSyncInitDuration has_sync_been_enabled: 0 state: 3
2026-06-18 03:29:43.753: [INFO] Primary account changed.
2026-06-18 03:29:43.753: [INFO] OnPrimaryAccountChanged PrimaryAccountChangeEvent::Type::kSet
2026-06-18 03:29:43.761: [INFO] RecordSyncInitDuration has_sync_been_enabled: 0 state: 3
2026-06-18 03:29:43.785: [INFO] RecordSyncInitDuration has_sync_been_enabled: 0 state: 3
2026-06-18 03:29:46.943: [INFO] Sync initialization duration: 3059ms
