{"logTime": "0618/022421", "correlationVector":"Od+L8Qo+HehxWjuR/i+Mpe.1","action":"SyncServerConnectionManagerRequest", "result":"SYNC_SERVER_OK", "context":{"environment":"Prod_centralus_prod-s01-068-nam-centralus", "migrationStage":"NotStarted", "server":"akswtt00500004w"}}
{"logTime": "0618/022421", "correlationVector":"Od+L8Qo+HehxWjuR/i+Mpe.2","action":"ProcessGetUpdates", "result":"Done", "context":{"dataType":"Encryption Keys", "deleted":"0", "process_failed_to_decrypt":"0", "process_pending_decryption":"0", "process_success":"1", "total":"1"}}
{"logTime": "0618/022422", "correlationVector":"uV7kMQXEZ7yv4mPo+EOe6l","action":"SyncServerConnectionManagerRequest", "result":"SYNC_SERVER_OK", "context":{"environment":"", "migrationStage":"", "server":""}}
{"logTime": "0618/022422", "correlationVector":"uV7kMQXEZ7yv4mPo+EOe6l.0","action":"EncryptionKeysFetcher.DownloadKeys:", "result":"Success", "context":Key count: 2, Last key timestamp: 2026-05-11T17:34:23Z}
{"logTime": "0618/022422", "correlationVector":"uV7kMQXEZ7yv4mPo+EOe6l.1","action":"EncryptionKeysManager::SetEncryptionKeys:", "result":"Success", "context":Key names[2]:[Q0wxqmAl0bHyUkt7SRtvFUxhC8AlTHFUZSJ16OrKnB1AXjM3GDaps+/aRUBGQr7SJnWeKVnh6YcuC6iXH7ojdg==][VhTYzEm0LpYlwaXZYcRwJR5rd1fDxPnEzL3qkCPM6QnxMBldiFsK690M//cYpVkq9Q1IRJicuXHz+amaGcpksQ==]}
{"logTime": "0618/022422", "correlationVector":"uV7kMQXEZ7yv4mPo+EOe6l.2","action":"EncryptionKeysManager::SetEncryptionKeysWithTimestamps:", "result":"Success", "context":Key timestamps[2]:[2025-11-07T21:21:03Z][2026-05-11T17:34:23Z]}
{"logTime": "0618/022422", "correlationVector":"Od+L8Qo+HehxWjuR/i+Mpe","action":"Initial GetUpdates", "result":"", "context":Reason: NEW_CLIENT. cV=Od+L8Qo+HehxWjuR/i+Mpe}
{"logTime": "0618/022422", "correlationVector":"Od+L8Qo+HehxWjuR/i+Mpe.3","action":"GetUpdates Response", "result":"Success", "context":Received 1 update(s). cV=Od+L8Qo+HehxWjuR/i+Mpe.0;server=akswtt00500004w;cloudType=Consumer;environment=Prod_centralus_prod-s01-068-nam-centralus;migrationStage=NotStarted}
{"logTime": "0618/022422", "correlationVector":"I8m6i28gIhlzFHMgQXmNOX","action":"Initial GetUpdates", "result":"", "context":Reason: NEWLY_SUPPORTED_DATATYPE. cV=I8m6i28gIhlzFHMgQXmNOX}
{"logTime": "0618/022422", "correlationVector":"I8m6i28gIhlzFHMgQXmNOX.1","action":"SyncServerConnectionManagerRequest", "result":"SYNC_SERVER_OK", "context":{"environment":"Prod_centralus_prod-s01-068-nam-centralus", "migrationStage":"NotStarted", "server":"akswtt00500006m"}}
{"logTime": "0618/022422", "correlationVector":"I8m6i28gIhlzFHMgQXmNOX.2","action":"GetUpdates Response", "result":"Success", "context":Received 0 update(s). cV=I8m6i28gIhlzFHMgQXmNOX.0;server=akswtt00500006m;cloudType=Consumer;environment=Prod_centralus_prod-s01-068-nam-centralus;migrationStage=NotStarted}
{"logTime": "0618/022422", "correlationVector":"JrwoOYU189wzhCyJoSkZ2x","action":"Initial GetUpdates", "result":"", "context":Reason: NEWLY_SUPPORTED_DATATYPE. cV=JrwoOYU189wzhCyJoSkZ2x}
{"logTime": "0618/022422", "correlationVector":"JrwoOYU189wzhCyJoSkZ2x.1","action":"SyncServerConnectionManagerRequest", "result":"SYNC_SERVER_OK", "context":{"environment":"Prod_centralus_prod-s01-068-nam-centralus", "migrationStage":"NotStarted", "server":"akswtt00500003r"}}
{"logTime": "0618/022422", "correlationVector":"JrwoOYU189wzhCyJoSkZ2x.2","action":"ProcessGetUpdates", "result":"Done", "context":{"dataType":"Bookmarks", "deleted":"0", "process_failed_to_decrypt":"0", "process_pending_decryption":"0", "process_success":"6", "total":"6"}}
{"logTime": "0618/022422", "correlationVector":"JrwoOYU189wzhCyJoSkZ2x.3","action":"GetUpdates Response", "result":"Success", "context":Received 6 update(s). cV=JrwoOYU189wzhCyJoSkZ2x.0;server=akswtt00500003r;cloudType=Consumer;environment=Prod_centralus_prod-s01-068-nam-centralus;migrationStage=NotStarted}
{"logTime": "0618/022422", "correlationVector":"kS0qtgoYPeIqRhzifh9tIH","action":"Initial GetUpdates", "result":"", "context":Reason: NEWLY_SUPPORTED_DATATYPE. cV=kS0qtgoYPeIqRhzifh9tIH}
{"logTime": "0618/022422", "correlationVector":"kS0qtgoYPeIqRhzifh9tIH.1","action":"SyncServerConnectionManagerRequest", "result":"SYNC_SERVER_OK", "context":{"environment":"Prod_centralus_prod-s01-068-nam-centralus", "migrationStage":"NotStarted", "server":"akswtt00500003g"}}
{"logTime": "0618/022422", "correlationVector":"kS0qtgoYPeIqRhzifh9tIH.2","action":"ProcessGetUpdates", "result":"Done", "context":{"dataType":"Autofill", "deleted":"0", "process_failed_to_decrypt":"0", "process_pending_decryption":"0", "process_success":"1", "total":"1"}}
{"logTime": "0618/022422", "correlationVector":"kS0qtgoYPeIqRhzifh9tIH.3","action":"GetUpdates Response", "result":"Success", "context":Received 1 update(s). cV=kS0qtgoYPeIqRhzifh9tIH.0;server=akswtt00500003g;cloudType=Consumer;environment=Prod_centralus_prod-s01-068-nam-centralus;migrationStage=NotStarted}
{"logTime": "0618/022422", "correlationVector":"qRssbMn1E9Xt9ZO10wzC1O","action":"Initial GetUpdates", "result":"", "context":Reason: NEWLY_SUPPORTED_DATATYPE. cV=qRssbMn1E9Xt9ZO10wzC1O}
{"logTime": "0618/022423", "correlationVector":"qRssbMn1E9Xt9ZO10wzC1O.1","action":"SyncServerConnectionManagerRequest", "result":"SYNC_SERVER_OK", "context":{"environment":"Prod_centralus_prod-s01-068-nam-centralus", "migrationStage":"NotStarted", "server":"akswtt00500006s"}}
{"logTime": "0618/022423", "correlationVector":"qRssbMn1E9Xt9ZO10wzC1O.2","action":"GetUpdates Response", "result":"Success", "context":Received 0 update(s). cV=qRssbMn1E9Xt9ZO10wzC1O.0;server=akswtt00500006s;cloudType=Consumer;environment=Prod_centralus_prod-s01-068-nam-centralus;migrationStage=NotStarted}
{"logTime": "0618/022423", "correlationVector":"XwbdVqwq0mqO5HGaEE/+O4","action":"Normal GetUpdate request", "result":"", "context":cV=XwbdVqwq0mqO5HGaEE/+O4
Refresh requested types: Bookmarks, Passwords, Autofill Profiles, Autofill, History, Edge Wallet, Encryption Keys}
{"logTime": "0618/022423", "correlationVector":"XwbdVqwq0mqO5HGaEE/+O4.1","action":"SyncServerConnectionManagerRequest", "result":"SYNC_SERVER_OK", "context":{"environment":"Prod_centralus_prod-s01-068-nam-centralus", "migrationStage":"NotStarted", "server":"akswtt00500004b"}}
{"logTime": "0618/022423", "correlationVector":"XwbdVqwq0mqO5HGaEE/+O4.2","action":"GetUpdates Response", "result":"Success", "context":Received 0 update(s). cV=XwbdVqwq0mqO5HGaEE/+O4.0;server=akswtt00500004b;cloudType=Consumer;environment=Prod_centralus_prod-s01-068-nam-centralus;migrationStage=NotStarted}
{"logTime": "0618/022423", "correlationVector":"KUoKTHFcSo7NmZYZpFmoSs","action":"DoCompareDataConsistency requsted types: ", "result":"Bookmarks, Passwords, History, Edge Wallet, Encryption Keys"}
{"logTime": "0618/022423", "correlationVector":"KUoKTHFcSo7NmZYZpFmoSs.0","action":"CompareDataConsistency result: ", "result":"Compare result: Encryption Keys is consistent. local entities count is: 1 local entities hash is: DmoYE/2Sswrysec+XBGyj/mXHc4="}
{"logTime": "0618/022423", "correlationVector":"KUoKTHFcSo7NmZYZpFmoSs.1","action":"CompareDataConsistency result: ", "result":"Compare result: Bookmarks is consistent. local entities count is: 0 local entities hash is: "}
{"logTime": "0618/022423", "correlationVector":"KUoKTHFcSo7NmZYZpFmoSs.2","action":"CompareDataConsistency result: ", "result":"Server did not send this History local entities count is: 0 local entities hash is: "}
{"logTime": "0618/022423", "correlationVector":"KUoKTHFcSo7NmZYZpFmoSs.3","action":"CompareDataConsistency result: ", "result":"Compare result: Edge Wallet is consistent. local entities count is: 0 local entities hash is: "}
{"logTime": "0618/022423", "correlationVector":"KUoKTHFcSo7NmZYZpFmoSs.4","action":"CompareDataConsistency result: ", "result":"Compare result: Passwords is consistent. local entities count is: 0 local entities hash is: "}
{"logTime": "0618/022423", "correlationVector":"","action":"DIAGNOSTIC_REQUEST|v1/diagnosticData/Diagnostic.SendCheckResult()|SUCCESS", "result":""}
{"logTime": "0618/022524", "correlationVector":"MgnyaNKAuj8tLkYnBez0dL","action":"Commit Request", "result":"", "context":Item count: 1
Contributing types: History}
{"logTime": "0618/022524", "correlationVector":"MgnyaNKAuj8tLkYnBez0dL.1","action":"SyncServerConnectionManagerRequest", "result":"SYNC_SERVER_OK", "context":{"environment":"Prod_centralus_prod-s01-068-nam-centralus", "migrationStage":"NotStarted", "server":"akswtt00500003d"}}
{"logTime": "0618/022524", "correlationVector":"MgnyaNKAuj8tLkYnBez0dL.2","action":"Commit Response", "result":"Success", "context":Result: Success. cV=MgnyaNKAuj8tLkYnBez0dL.0;server=akswtt00500003d;cloudType=Consumer;environment=Prod_centralus_prod-s01-068-nam-centralus;migrationStage=NotStarted}
